<?xml version="1.0" encoding="UTF-8"?>
<!-- Generated by org.testng.reporters.JUnitXMLReporter -->
<testsuite hostname="saidinesh-mbp" ignored="2" name="Amazon automation testing" tests="5" failures="0" timestamp="21 Jul 2020 16:05:22 GMT" time="17.817" errors="0">
  <testcase name="Url" time="10.376" classname="in.amazon.Geturl"/>
  <testcase name="verifyTitle" time="0.017" classname="in.amazon.Titlevalidation"/>
  <testcase name="verifyTitle" time="0.032" classname="in.amazon.Titlevalidation"/>
  <testcase name="Searchprd" time="3.998" classname="in.amazon.Titlevalidation"/>
  <testcase name="Searchresults" time="0.046" classname="in.amazon.Titlevalidation"/>
  <testcase name="@BeforeTest opendriver" time="0.0" classname="in.amazon.LaunchBrowser">
    <ignored/>
  </testcase> <!-- @BeforeTest opendriver -->
  <testcase name="@AfterTest terminateBrowser" time="0.0" classname="in.amazon.LaunchBrowser">
    <ignored/>
  </testcase> <!-- @AfterTest terminateBrowser -->
</testsuite> <!-- Amazon automation testing -->
