<?xml version="1.0" encoding="UTF-8"?>
<!-- Generated by org.testng.reporters.JUnitXMLReporter -->
<testsuite hostname="saidinesh-mbp" ignored="4" name="Amazon automation testing" tests="5" failures="0" timestamp="22 Jul 2020 16:10:07 GMT" time="15.937" errors="0">
  <testcase name="Url" time="5.882" classname="in.amazon.Geturl"/>
  <testcase name="verifyTitle" time="0.024" classname="in.amazon.Titlevalidation"/>
  <testcase name="Searchprd" time="2.976" classname="in.amazon.Titlevalidation"/>
  <testcase name="Searchresults" time="1.107" classname="in.amazon.Productselection"/>
  <testcase name="Randprdselection" time="0.601" classname="in.amazon.Productselection"/>
  <testcase name="@BeforeTest opendriver" time="0.0" classname="in.amazon.LaunchBrowser">
    <ignored/>
  </testcase> <!-- @BeforeTest opendriver -->
  <testcase name="@BeforeTest opendriver" time="0.0" classname="in.amazon.LaunchBrowser">
    <ignored/>
  </testcase> <!-- @BeforeTest opendriver -->
  <testcase name="@AfterTest terminateBrowser" time="0.0" classname="in.amazon.LaunchBrowser">
    <ignored/>
  </testcase> <!-- @AfterTest terminateBrowser -->
  <testcase name="@AfterTest terminateBrowser" time="0.0" classname="in.amazon.LaunchBrowser">
    <ignored/>
  </testcase> <!-- @AfterTest terminateBrowser -->
</testsuite> <!-- Amazon automation testing -->
