<?xml version="1.0" encoding="UTF-8"?>
<testng-results skipped="0" failed="0" ignored="4" total="9" passed="5">
  <reporter-output>
    <line>
      <![CDATA[Browser Choosen for testing:- Chrome]]>
    </line>
    <line>
      <![CDATA[Online Shopping site in India: Shop Online for Mobiles, Books, Watches, Shoes and More - Amazon.in-200]]>
    </line>
    <line>
      <![CDATA[1-16 of 215 results for "macbook pro"]]>
    </line>
    <line>
      <![CDATA[Randomly selected product:Amazon.in : macbook pro]]>
    </line>
  </reporter-output>
  <suite name="Suite" duration-ms="17669" started-at="2020-07-22T16:07:03Z" finished-at="2020-07-22T16:07:21Z">
    <groups>
    </groups>
    <test name="Amazon automation testing" duration-ms="17669" started-at="2020-07-22T16:07:03Z" finished-at="2020-07-22T16:07:21Z">
      <class name="in.amazon.Titlevalidation">
        <test-method status="PASS" signature="verifyTitle()[pri:2, instance:in.amazon.Titlevalidation@192b07fd]" name="verifyTitle" duration-ms="27" started-at="2020-07-22T16:07:15Z" finished-at="2020-07-22T16:07:15Z">
          <reporter-output>
          </reporter-output>
        </test-method> <!-- verifyTitle -->
        <test-method status="PASS" signature="Searchprd()[pri:3, instance:in.amazon.Titlevalidation@192b07fd]" name="Searchprd" duration-ms="4075" started-at="2020-07-22T16:07:15Z" finished-at="2020-07-22T16:07:19Z">
          <reporter-output>
          </reporter-output>
        </test-method> <!-- Searchprd -->
      </class> <!-- in.amazon.Titlevalidation -->
      <class name="in.amazon.Productselection">
        <test-method status="PASS" signature="Searchresults()[pri:4, instance:in.amazon.Productselection@64bfbc86]" name="Searchresults" duration-ms="45" started-at="2020-07-22T16:07:19Z" finished-at="2020-07-22T16:07:19Z">
          <reporter-output>
            <line>
              <![CDATA[1-16 of 215 results for "macbook pro"]]>
            </line>
          </reporter-output>
        </test-method> <!-- Searchresults -->
        <test-method status="PASS" signature="Randprdselection()[pri:5, instance:in.amazon.Productselection@64bfbc86]" name="Randprdselection" duration-ms="1496" started-at="2020-07-22T16:07:19Z" finished-at="2020-07-22T16:07:21Z">
          <reporter-output>
            <line>
              <![CDATA[Randomly selected product:Amazon.in : macbook pro]]>
            </line>
          </reporter-output>
        </test-method> <!-- Randprdselection -->
      </class> <!-- in.amazon.Productselection -->
      <class name="in.amazon.Geturl">
        <test-method status="PASS" signature="opendriver(java.lang.String)[pri:0, instance:in.amazon.Geturl@20322d26]" name="opendriver" is-config="true" duration-ms="5857" started-at="2020-07-22T16:07:03Z" finished-at="2020-07-22T16:07:09Z">
          <params>
            <param index="0">
              <value>
                <![CDATA[Chrome]]>
              </value>
            </param>
          </params>
          <reporter-output>
            <line>
              <![CDATA[Browser Choosen for testing:- Chrome]]>
            </line>
          </reporter-output>
        </test-method> <!-- opendriver -->
        <test-method status="PASS" signature="Url(java.lang.String)[pri:1, instance:in.amazon.Geturl@20322d26]" name="Url" duration-ms="6047" started-at="2020-07-22T16:07:09Z" finished-at="2020-07-22T16:07:15Z">
          <params>
            <param index="0">
              <value>
                <![CDATA[https://www.amazon.in/]]>
              </value>
            </param>
          </params>
          <reporter-output>
            <line>
              <![CDATA[Online Shopping site in India: Shop Online for Mobiles, Books, Watches, Shoes and More - Amazon.in-200]]>
            </line>
          </reporter-output>
        </test-method> <!-- Url -->
        <test-method status="PASS" signature="terminateBrowser()[pri:0, instance:in.amazon.Geturl@20322d26]" name="terminateBrowser" is-config="true" duration-ms="63" started-at="2020-07-22T16:07:21Z" finished-at="2020-07-22T16:07:21Z">
          <reporter-output>
          </reporter-output>
        </test-method> <!-- terminateBrowser -->
      </class> <!-- in.amazon.Geturl -->
    </test> <!-- Amazon automation testing -->
  </suite> <!-- Suite -->
</testng-results>
